Determining if the pthread_create exist failed with the following output:
Change Dir: /home/kanin/catkin_ws_roboware/build_isolated/effort_controllers/CMakeFiles/CMakeTmp

Run Build Command:"/usr/bin/make" "cmTC_f276a/fast"
/usr/bin/make -f CMakeFiles/cmTC_f276a.dir/build.make CMakeFiles/cmTC_f276a.dir/build
make[1]: Entering directory '/home/kanin/catkin_ws_roboware/build_isolated/effort_controllers/CMakeFiles/CMakeTmp'
Building C object CMakeFiles/cmTC_f276a.dir/CheckSymbolExists.c.o
/usr/bin/cc    -o CMakeFiles/cmTC_f276a.dir/CheckSymbolExists.c.o   -c /home/kanin/catkin_ws_roboware/build_isolated/effort_controllers/CMakeFiles/CMakeTmp/CheckSymbolExists.c
Linking C executable cmTC_f276a
/usr/local/bin/cmake -E cmake_link_script CMakeFiles/cmTC_f276a.dir/link.txt --verbose=1
/usr/bin/cc      -rdynamic CMakeFiles/cmTC_f276a.dir/CheckSymbolExists.c.o  -o cmTC_f276a 
CMakeFiles/cmTC_f276a.dir/CheckSymbolExists.c.o: In function `main':
CheckSymbolExists.c:(.text+0x16): undefined reference to `pthread_create'
collect2: error: ld returned 1 exit status
CMakeFiles/cmTC_f276a.dir/build.make:86: recipe for target 'cmTC_f276a' failed
make[1]: *** [cmTC_f276a] Error 1
make[1]: Leaving directory '/home/kanin/catkin_ws_roboware/build_isolated/effort_controllers/CMakeFiles/CMakeTmp'
Makefile:121: recipe for target 'cmTC_f276a/fast' failed
make: *** [cmTC_f276a/fast] Error 2

File /home/kanin/catkin_ws_roboware/build_isolated/effort_controllers/CMakeFiles/CMakeTmp/CheckSymbolExists.c:
/* */
#include <pthread.h>

int main(int argc, char** argv)
{
  (void)argv;
#ifndef pthread_create
  return ((int*)(&pthread_create))[argc];
#else
  (void)argc;
  return 0;
#endif
}

Determining if the function pthread_create exists in the pthreads failed with the following output:
Change Dir: /home/kanin/catkin_ws_roboware/build_isolated/effort_controllers/CMakeFiles/CMakeTmp

Run Build Command:"/usr/bin/make" "cmTC_f3b3b/fast"
/usr/bin/make -f CMakeFiles/cmTC_f3b3b.dir/build.make CMakeFiles/cmTC_f3b3b.dir/build
make[1]: Entering directory '/home/kanin/catkin_ws_roboware/build_isolated/effort_controllers/CMakeFiles/CMakeTmp'
Building C object CMakeFiles/cmTC_f3b3b.dir/CheckFunctionExists.c.o
/usr/bin/cc   -DCHECK_FUNCTION_EXISTS=pthread_create   -o CMakeFiles/cmTC_f3b3b.dir/CheckFunctionExists.c.o   -c /usr/local/share/cmake-3.12/Modules/CheckFunctionExists.c
Linking C executable cmTC_f3b3b
/usr/local/bin/cmake -E cmake_link_script CMakeFiles/cmTC_f3b3b.dir/link.txt --verbose=1
/usr/bin/cc  -DCHECK_FUNCTION_EXISTS=pthread_create    -rdynamic CMakeFiles/cmTC_f3b3b.dir/CheckFunctionExists.c.o  -o cmTC_f3b3b -lpthreads 
/usr/bin/ld: cannot find -lpthreads
collect2: error: ld returned 1 exit status
CMakeFiles/cmTC_f3b3b.dir/build.make:86: recipe for target 'cmTC_f3b3b' failed
make[1]: *** [cmTC_f3b3b] Error 1
make[1]: Leaving directory '/home/kanin/catkin_ws_roboware/build_isolated/effort_controllers/CMakeFiles/CMakeTmp'
Makefile:121: recipe for target 'cmTC_f3b3b/fast' failed
make: *** [cmTC_f3b3b/fast] Error 2


