Determining if the pthread_create exist failed with the following output:
Change Dir: /home/kanin/catkin_ws_roboware/build_isolated/force_torque_sensor_controller/CMakeFiles/CMakeTmp

Run Build Command:"/usr/bin/make" "cmTC_94b6d/fast"
/usr/bin/make -f CMakeFiles/cmTC_94b6d.dir/build.make CMakeFiles/cmTC_94b6d.dir/build
make[1]: Entering directory '/home/kanin/catkin_ws_roboware/build_isolated/force_torque_sensor_controller/CMakeFiles/CMakeTmp'
Building C object CMakeFiles/cmTC_94b6d.dir/CheckSymbolExists.c.o
/usr/bin/cc    -o CMakeFiles/cmTC_94b6d.dir/CheckSymbolExists.c.o   -c /home/kanin/catkin_ws_roboware/build_isolated/force_torque_sensor_controller/CMakeFiles/CMakeTmp/CheckSymbolExists.c
Linking C executable cmTC_94b6d
/usr/local/bin/cmake -E cmake_link_script CMakeFiles/cmTC_94b6d.dir/link.txt --verbose=1
/usr/bin/cc      -rdynamic CMakeFiles/cmTC_94b6d.dir/CheckSymbolExists.c.o  -o cmTC_94b6d 
CMakeFiles/cmTC_94b6d.dir/CheckSymbolExists.c.o: In function `main':
CheckSymbolExists.c:(.text+0x16): undefined reference to `pthread_create'
collect2: error: ld returned 1 exit status
CMakeFiles/cmTC_94b6d.dir/build.make:86: recipe for target 'cmTC_94b6d' failed
make[1]: *** [cmTC_94b6d] Error 1
make[1]: Leaving directory '/home/kanin/catkin_ws_roboware/build_isolated/force_torque_sensor_controller/CMakeFiles/CMakeTmp'
Makefile:121: recipe for target 'cmTC_94b6d/fast' failed
make: *** [cmTC_94b6d/fast] Error 2

File /home/kanin/catkin_ws_roboware/build_isolated/force_torque_sensor_controller/CMakeFiles/CMakeTmp/CheckSymbolExists.c:
/* */
#include <pthread.h>

int main(int argc, char** argv)
{
  (void)argv;
#ifndef pthread_create
  return ((int*)(&pthread_create))[argc];
#else
  (void)argc;
  return 0;
#endif
}

Determining if the function pthread_create exists in the pthreads failed with the following output:
Change Dir: /home/kanin/catkin_ws_roboware/build_isolated/force_torque_sensor_controller/CMakeFiles/CMakeTmp

Run Build Command:"/usr/bin/make" "cmTC_58678/fast"
/usr/bin/make -f CMakeFiles/cmTC_58678.dir/build.make CMakeFiles/cmTC_58678.dir/build
make[1]: Entering directory '/home/kanin/catkin_ws_roboware/build_isolated/force_torque_sensor_controller/CMakeFiles/CMakeTmp'
Building C object CMakeFiles/cmTC_58678.dir/CheckFunctionExists.c.o
/usr/bin/cc   -DCHECK_FUNCTION_EXISTS=pthread_create   -o CMakeFiles/cmTC_58678.dir/CheckFunctionExists.c.o   -c /usr/local/share/cmake-3.12/Modules/CheckFunctionExists.c
Linking C executable cmTC_58678
/usr/local/bin/cmake -E cmake_link_script CMakeFiles/cmTC_58678.dir/link.txt --verbose=1
/usr/bin/cc  -DCHECK_FUNCTION_EXISTS=pthread_create    -rdynamic CMakeFiles/cmTC_58678.dir/CheckFunctionExists.c.o  -o cmTC_58678 -lpthreads 
/usr/bin/ld: cannot find -lpthreads
collect2: error: ld returned 1 exit status
CMakeFiles/cmTC_58678.dir/build.make:86: recipe for target 'cmTC_58678' failed
make[1]: *** [cmTC_58678] Error 1
make[1]: Leaving directory '/home/kanin/catkin_ws_roboware/build_isolated/force_torque_sensor_controller/CMakeFiles/CMakeTmp'
Makefile:121: recipe for target 'cmTC_58678/fast' failed
make: *** [cmTC_58678/fast] Error 2


