Determining if the pthread_create exist failed with the following output:
Change Dir: /home/kanin/catkin_ws_roboware/build_isolated/diff_drive_controller/CMakeFiles/CMakeTmp

Run Build Command:"/usr/bin/make" "cmTC_3205b/fast"
/usr/bin/make -f CMakeFiles/cmTC_3205b.dir/build.make CMakeFiles/cmTC_3205b.dir/build
make[1]: Entering directory '/home/kanin/catkin_ws_roboware/build_isolated/diff_drive_controller/CMakeFiles/CMakeTmp'
Building C object CMakeFiles/cmTC_3205b.dir/CheckSymbolExists.c.o
/usr/bin/cc    -o CMakeFiles/cmTC_3205b.dir/CheckSymbolExists.c.o   -c /home/kanin/catkin_ws_roboware/build_isolated/diff_drive_controller/CMakeFiles/CMakeTmp/CheckSymbolExists.c
Linking C executable cmTC_3205b
/usr/local/bin/cmake -E cmake_link_script CMakeFiles/cmTC_3205b.dir/link.txt --verbose=1
/usr/bin/cc      -rdynamic CMakeFiles/cmTC_3205b.dir/CheckSymbolExists.c.o  -o cmTC_3205b 
CMakeFiles/cmTC_3205b.dir/CheckSymbolExists.c.o: In function `main':
CheckSymbolExists.c:(.text+0x16): undefined reference to `pthread_create'
collect2: error: ld returned 1 exit status
CMakeFiles/cmTC_3205b.dir/build.make:86: recipe for target 'cmTC_3205b' failed
make[1]: *** [cmTC_3205b] Error 1
make[1]: Leaving directory '/home/kanin/catkin_ws_roboware/build_isolated/diff_drive_controller/CMakeFiles/CMakeTmp'
Makefile:121: recipe for target 'cmTC_3205b/fast' failed
make: *** [cmTC_3205b/fast] Error 2

File /home/kanin/catkin_ws_roboware/build_isolated/diff_drive_controller/CMakeFiles/CMakeTmp/CheckSymbolExists.c:
/* */
#include <pthread.h>

int main(int argc, char** argv)
{
  (void)argv;
#ifndef pthread_create
  return ((int*)(&pthread_create))[argc];
#else
  (void)argc;
  return 0;
#endif
}

Determining if the function pthread_create exists in the pthreads failed with the following output:
Change Dir: /home/kanin/catkin_ws_roboware/build_isolated/diff_drive_controller/CMakeFiles/CMakeTmp

Run Build Command:"/usr/bin/make" "cmTC_66535/fast"
/usr/bin/make -f CMakeFiles/cmTC_66535.dir/build.make CMakeFiles/cmTC_66535.dir/build
make[1]: Entering directory '/home/kanin/catkin_ws_roboware/build_isolated/diff_drive_controller/CMakeFiles/CMakeTmp'
Building C object CMakeFiles/cmTC_66535.dir/CheckFunctionExists.c.o
/usr/bin/cc   -DCHECK_FUNCTION_EXISTS=pthread_create   -o CMakeFiles/cmTC_66535.dir/CheckFunctionExists.c.o   -c /usr/local/share/cmake-3.12/Modules/CheckFunctionExists.c
Linking C executable cmTC_66535
/usr/local/bin/cmake -E cmake_link_script CMakeFiles/cmTC_66535.dir/link.txt --verbose=1
/usr/bin/cc  -DCHECK_FUNCTION_EXISTS=pthread_create    -rdynamic CMakeFiles/cmTC_66535.dir/CheckFunctionExists.c.o  -o cmTC_66535 -lpthreads 
/usr/bin/ld: cannot find -lpthreads
collect2: error: ld returned 1 exit status
CMakeFiles/cmTC_66535.dir/build.make:86: recipe for target 'cmTC_66535' failed
make[1]: *** [cmTC_66535] Error 1
make[1]: Leaving directory '/home/kanin/catkin_ws_roboware/build_isolated/diff_drive_controller/CMakeFiles/CMakeTmp'
Makefile:121: recipe for target 'cmTC_66535/fast' failed
make: *** [cmTC_66535/fast] Error 2


