Determining if the pthread_create exist failed with the following output:
Change Dir: /home/kanin/catkin_ws_roboware/build/CMakeFiles/CMakeTmp

Run Build Command:"/usr/bin/make" "cmTC_11320/fast"
/usr/bin/make -f CMakeFiles/cmTC_11320.dir/build.make CMakeFiles/cmTC_11320.dir/build
make[1]: Entering directory '/home/kanin/catkin_ws_roboware/build/CMakeFiles/CMakeTmp'
Building C object CMakeFiles/cmTC_11320.dir/CheckSymbolExists.c.o
/usr/bin/cc    -o CMakeFiles/cmTC_11320.dir/CheckSymbolExists.c.o   -c /home/kanin/catkin_ws_roboware/build/CMakeFiles/CMakeTmp/CheckSymbolExists.c
Linking C executable cmTC_11320
/usr/local/bin/cmake -E cmake_link_script CMakeFiles/cmTC_11320.dir/link.txt --verbose=1
/usr/bin/cc      -rdynamic CMakeFiles/cmTC_11320.dir/CheckSymbolExists.c.o  -o cmTC_11320 
CMakeFiles/cmTC_11320.dir/CheckSymbolExists.c.o: In function `main':
CheckSymbolExists.c:(.text+0x16): undefined reference to `pthread_create'
collect2: error: ld returned 1 exit status
CMakeFiles/cmTC_11320.dir/build.make:86: recipe for target 'cmTC_11320' failed
make[1]: *** [cmTC_11320] Error 1
make[1]: Leaving directory '/home/kanin/catkin_ws_roboware/build/CMakeFiles/CMakeTmp'
Makefile:121: recipe for target 'cmTC_11320/fast' failed
make: *** [cmTC_11320/fast] Error 2

File /home/kanin/catkin_ws_roboware/build/CMakeFiles/CMakeTmp/CheckSymbolExists.c:
/* */
#include <pthread.h>

int main(int argc, char** argv)
{
  (void)argv;
#ifndef pthread_create
  return ((int*)(&pthread_create))[argc];
#else
  (void)argc;
  return 0;
#endif
}

Determining if the function pthread_create exists in the pthreads failed with the following output:
Change Dir: /home/kanin/catkin_ws_roboware/build/CMakeFiles/CMakeTmp

Run Build Command:"/usr/bin/make" "cmTC_38e06/fast"
/usr/bin/make -f CMakeFiles/cmTC_38e06.dir/build.make CMakeFiles/cmTC_38e06.dir/build
make[1]: Entering directory '/home/kanin/catkin_ws_roboware/build/CMakeFiles/CMakeTmp'
Building C object CMakeFiles/cmTC_38e06.dir/CheckFunctionExists.c.o
/usr/bin/cc   -DCHECK_FUNCTION_EXISTS=pthread_create   -o CMakeFiles/cmTC_38e06.dir/CheckFunctionExists.c.o   -c /usr/local/share/cmake-3.12/Modules/CheckFunctionExists.c
Linking C executable cmTC_38e06
/usr/local/bin/cmake -E cmake_link_script CMakeFiles/cmTC_38e06.dir/link.txt --verbose=1
/usr/bin/cc  -DCHECK_FUNCTION_EXISTS=pthread_create    -rdynamic CMakeFiles/cmTC_38e06.dir/CheckFunctionExists.c.o  -o cmTC_38e06 -lpthreads 
/usr/bin/ld: cannot find -lpthreads
collect2: error: ld returned 1 exit status
CMakeFiles/cmTC_38e06.dir/build.make:86: recipe for target 'cmTC_38e06' failed
make[1]: *** [cmTC_38e06] Error 1
make[1]: Leaving directory '/home/kanin/catkin_ws_roboware/build/CMakeFiles/CMakeTmp'
Makefile:121: recipe for target 'cmTC_38e06/fast' failed
make: *** [cmTC_38e06/fast] Error 2


