Determining if the pthread_create exist failed with the following output:
Change Dir: /home/kanin/roboware_nin/build/CMakeFiles/CMakeTmp

Run Build Command:"/usr/bin/make" "cmTC_03bc1/fast"
/usr/bin/make -f CMakeFiles/cmTC_03bc1.dir/build.make CMakeFiles/cmTC_03bc1.dir/build
make[1]: Entering directory '/home/kanin/roboware_nin/build/CMakeFiles/CMakeTmp'
Building C object CMakeFiles/cmTC_03bc1.dir/CheckSymbolExists.c.o
/usr/bin/cc    -o CMakeFiles/cmTC_03bc1.dir/CheckSymbolExists.c.o   -c /home/kanin/roboware_nin/build/CMakeFiles/CMakeTmp/CheckSymbolExists.c
Linking C executable cmTC_03bc1
/usr/local/bin/cmake -E cmake_link_script CMakeFiles/cmTC_03bc1.dir/link.txt --verbose=1
/usr/bin/cc      -rdynamic CMakeFiles/cmTC_03bc1.dir/CheckSymbolExists.c.o  -o cmTC_03bc1 
CMakeFiles/cmTC_03bc1.dir/CheckSymbolExists.c.o: In function `main':
CheckSymbolExists.c:(.text+0x16): undefined reference to `pthread_create'
collect2: error: ld returned 1 exit status
CMakeFiles/cmTC_03bc1.dir/build.make:86: recipe for target 'cmTC_03bc1' failed
make[1]: *** [cmTC_03bc1] Error 1
make[1]: Leaving directory '/home/kanin/roboware_nin/build/CMakeFiles/CMakeTmp'
Makefile:121: recipe for target 'cmTC_03bc1/fast' failed
make: *** [cmTC_03bc1/fast] Error 2

File /home/kanin/roboware_nin/build/CMakeFiles/CMakeTmp/CheckSymbolExists.c:
/* */
#include <pthread.h>

int main(int argc, char** argv)
{
  (void)argv;
#ifndef pthread_create
  return ((int*)(&pthread_create))[argc];
#else
  (void)argc;
  return 0;
#endif
}

Determining if the function pthread_create exists in the pthreads failed with the following output:
Change Dir: /home/kanin/roboware_nin/build/CMakeFiles/CMakeTmp

Run Build Command:"/usr/bin/make" "cmTC_5209a/fast"
/usr/bin/make -f CMakeFiles/cmTC_5209a.dir/build.make CMakeFiles/cmTC_5209a.dir/build
make[1]: Entering directory '/home/kanin/roboware_nin/build/CMakeFiles/CMakeTmp'
Building C object CMakeFiles/cmTC_5209a.dir/CheckFunctionExists.c.o
/usr/bin/cc   -DCHECK_FUNCTION_EXISTS=pthread_create   -o CMakeFiles/cmTC_5209a.dir/CheckFunctionExists.c.o   -c /usr/local/share/cmake-3.12/Modules/CheckFunctionExists.c
Linking C executable cmTC_5209a
/usr/local/bin/cmake -E cmake_link_script CMakeFiles/cmTC_5209a.dir/link.txt --verbose=1
/usr/bin/cc  -DCHECK_FUNCTION_EXISTS=pthread_create    -rdynamic CMakeFiles/cmTC_5209a.dir/CheckFunctionExists.c.o  -o cmTC_5209a -lpthreads 
/usr/bin/ld: cannot find -lpthreads
collect2: error: ld returned 1 exit status
CMakeFiles/cmTC_5209a.dir/build.make:86: recipe for target 'cmTC_5209a' failed
make[1]: *** [cmTC_5209a] Error 1
make[1]: Leaving directory '/home/kanin/roboware_nin/build/CMakeFiles/CMakeTmp'
Makefile:121: recipe for target 'cmTC_5209a/fast' failed
make: *** [cmTC_5209a/fast] Error 2


