Determining if the pthread_create exist failed with the following output:
Change Dir: /home/kanin/catkin_ws_roboware/build_isolated/beginner_tutorials/CMakeFiles/CMakeTmp

Run Build Command:"/usr/bin/make" "cmTC_a0ca8/fast"
/usr/bin/make -f CMakeFiles/cmTC_a0ca8.dir/build.make CMakeFiles/cmTC_a0ca8.dir/build
make[1]: Entering directory '/home/kanin/catkin_ws_roboware/build_isolated/beginner_tutorials/CMakeFiles/CMakeTmp'
Building C object CMakeFiles/cmTC_a0ca8.dir/CheckSymbolExists.c.o
/usr/bin/cc    -o CMakeFiles/cmTC_a0ca8.dir/CheckSymbolExists.c.o   -c /home/kanin/catkin_ws_roboware/build_isolated/beginner_tutorials/CMakeFiles/CMakeTmp/CheckSymbolExists.c
Linking C executable cmTC_a0ca8
/usr/local/bin/cmake -E cmake_link_script CMakeFiles/cmTC_a0ca8.dir/link.txt --verbose=1
/usr/bin/cc      -rdynamic CMakeFiles/cmTC_a0ca8.dir/CheckSymbolExists.c.o  -o cmTC_a0ca8 
CMakeFiles/cmTC_a0ca8.dir/CheckSymbolExists.c.o: In function `main':
CheckSymbolExists.c:(.text+0x16): undefined reference to `pthread_create'
collect2: error: ld returned 1 exit status
CMakeFiles/cmTC_a0ca8.dir/build.make:86: recipe for target 'cmTC_a0ca8' failed
make[1]: *** [cmTC_a0ca8] Error 1
make[1]: Leaving directory '/home/kanin/catkin_ws_roboware/build_isolated/beginner_tutorials/CMakeFiles/CMakeTmp'
Makefile:121: recipe for target 'cmTC_a0ca8/fast' failed
make: *** [cmTC_a0ca8/fast] Error 2

File /home/kanin/catkin_ws_roboware/build_isolated/beginner_tutorials/CMakeFiles/CMakeTmp/CheckSymbolExists.c:
/* */
#include <pthread.h>

int main(int argc, char** argv)
{
  (void)argv;
#ifndef pthread_create
  return ((int*)(&pthread_create))[argc];
#else
  (void)argc;
  return 0;
#endif
}

Determining if the function pthread_create exists in the pthreads failed with the following output:
Change Dir: /home/kanin/catkin_ws_roboware/build_isolated/beginner_tutorials/CMakeFiles/CMakeTmp

Run Build Command:"/usr/bin/make" "cmTC_60a96/fast"
/usr/bin/make -f CMakeFiles/cmTC_60a96.dir/build.make CMakeFiles/cmTC_60a96.dir/build
make[1]: Entering directory '/home/kanin/catkin_ws_roboware/build_isolated/beginner_tutorials/CMakeFiles/CMakeTmp'
Building C object CMakeFiles/cmTC_60a96.dir/CheckFunctionExists.c.o
/usr/bin/cc   -DCHECK_FUNCTION_EXISTS=pthread_create   -o CMakeFiles/cmTC_60a96.dir/CheckFunctionExists.c.o   -c /usr/local/share/cmake-3.12/Modules/CheckFunctionExists.c
Linking C executable cmTC_60a96
/usr/local/bin/cmake -E cmake_link_script CMakeFiles/cmTC_60a96.dir/link.txt --verbose=1
/usr/bin/cc  -DCHECK_FUNCTION_EXISTS=pthread_create    -rdynamic CMakeFiles/cmTC_60a96.dir/CheckFunctionExists.c.o  -o cmTC_60a96 -lpthreads 
/usr/bin/ld: cannot find -lpthreads
collect2: error: ld returned 1 exit status
CMakeFiles/cmTC_60a96.dir/build.make:86: recipe for target 'cmTC_60a96' failed
make[1]: *** [cmTC_60a96] Error 1
make[1]: Leaving directory '/home/kanin/catkin_ws_roboware/build_isolated/beginner_tutorials/CMakeFiles/CMakeTmp'
Makefile:121: recipe for target 'cmTC_60a96/fast' failed
make: *** [cmTC_60a96/fast] Error 2


