Determining if the pthread_create exist failed with the following output:
Change Dir: /home/kanin/catkin_ws_roboware/build_isolated/amr_description/CMakeFiles/CMakeTmp

Run Build Command:"/usr/bin/make" "cmTC_c021f/fast"
/usr/bin/make -f CMakeFiles/cmTC_c021f.dir/build.make CMakeFiles/cmTC_c021f.dir/build
make[1]: Entering directory '/home/kanin/catkin_ws_roboware/build_isolated/amr_description/CMakeFiles/CMakeTmp'
Building C object CMakeFiles/cmTC_c021f.dir/CheckSymbolExists.c.o
/usr/bin/cc    -o CMakeFiles/cmTC_c021f.dir/CheckSymbolExists.c.o   -c /home/kanin/catkin_ws_roboware/build_isolated/amr_description/CMakeFiles/CMakeTmp/CheckSymbolExists.c
Linking C executable cmTC_c021f
/usr/local/bin/cmake -E cmake_link_script CMakeFiles/cmTC_c021f.dir/link.txt --verbose=1
/usr/bin/cc      -rdynamic CMakeFiles/cmTC_c021f.dir/CheckSymbolExists.c.o  -o cmTC_c021f 
CMakeFiles/cmTC_c021f.dir/CheckSymbolExists.c.o: In function `main':
CheckSymbolExists.c:(.text+0x16): undefined reference to `pthread_create'
collect2: error: ld returned 1 exit status
CMakeFiles/cmTC_c021f.dir/build.make:86: recipe for target 'cmTC_c021f' failed
make[1]: *** [cmTC_c021f] Error 1
make[1]: Leaving directory '/home/kanin/catkin_ws_roboware/build_isolated/amr_description/CMakeFiles/CMakeTmp'
Makefile:121: recipe for target 'cmTC_c021f/fast' failed
make: *** [cmTC_c021f/fast] Error 2

File /home/kanin/catkin_ws_roboware/build_isolated/amr_description/CMakeFiles/CMakeTmp/CheckSymbolExists.c:
/* */
#include <pthread.h>

int main(int argc, char** argv)
{
  (void)argv;
#ifndef pthread_create
  return ((int*)(&pthread_create))[argc];
#else
  (void)argc;
  return 0;
#endif
}

Determining if the function pthread_create exists in the pthreads failed with the following output:
Change Dir: /home/kanin/catkin_ws_roboware/build_isolated/amr_description/CMakeFiles/CMakeTmp

Run Build Command:"/usr/bin/make" "cmTC_d8f41/fast"
/usr/bin/make -f CMakeFiles/cmTC_d8f41.dir/build.make CMakeFiles/cmTC_d8f41.dir/build
make[1]: Entering directory '/home/kanin/catkin_ws_roboware/build_isolated/amr_description/CMakeFiles/CMakeTmp'
Building C object CMakeFiles/cmTC_d8f41.dir/CheckFunctionExists.c.o
/usr/bin/cc   -DCHECK_FUNCTION_EXISTS=pthread_create   -o CMakeFiles/cmTC_d8f41.dir/CheckFunctionExists.c.o   -c /usr/local/share/cmake-3.12/Modules/CheckFunctionExists.c
Linking C executable cmTC_d8f41
/usr/local/bin/cmake -E cmake_link_script CMakeFiles/cmTC_d8f41.dir/link.txt --verbose=1
/usr/bin/cc  -DCHECK_FUNCTION_EXISTS=pthread_create    -rdynamic CMakeFiles/cmTC_d8f41.dir/CheckFunctionExists.c.o  -o cmTC_d8f41 -lpthreads 
/usr/bin/ld: cannot find -lpthreads
collect2: error: ld returned 1 exit status
CMakeFiles/cmTC_d8f41.dir/build.make:86: recipe for target 'cmTC_d8f41' failed
make[1]: *** [cmTC_d8f41] Error 1
make[1]: Leaving directory '/home/kanin/catkin_ws_roboware/build_isolated/amr_description/CMakeFiles/CMakeTmp'
Makefile:121: recipe for target 'cmTC_d8f41/fast' failed
make: *** [cmTC_d8f41/fast] Error 2


