Determining if the pthread_create exist failed with the following output:
Change Dir: /home/kanin/catkin_ws_roboware/build_isolated/gripper_action_controller/CMakeFiles/CMakeTmp

Run Build Command:"/usr/bin/make" "cmTC_f26be/fast"
/usr/bin/make -f CMakeFiles/cmTC_f26be.dir/build.make CMakeFiles/cmTC_f26be.dir/build
make[1]: Entering directory '/home/kanin/catkin_ws_roboware/build_isolated/gripper_action_controller/CMakeFiles/CMakeTmp'
Building C object CMakeFiles/cmTC_f26be.dir/CheckSymbolExists.c.o
/usr/bin/cc    -o CMakeFiles/cmTC_f26be.dir/CheckSymbolExists.c.o   -c /home/kanin/catkin_ws_roboware/build_isolated/gripper_action_controller/CMakeFiles/CMakeTmp/CheckSymbolExists.c
Linking C executable cmTC_f26be
/usr/local/bin/cmake -E cmake_link_script CMakeFiles/cmTC_f26be.dir/link.txt --verbose=1
/usr/bin/cc      -rdynamic CMakeFiles/cmTC_f26be.dir/CheckSymbolExists.c.o  -o cmTC_f26be 
CMakeFiles/cmTC_f26be.dir/CheckSymbolExists.c.o: In function `main':
CheckSymbolExists.c:(.text+0x16): undefined reference to `pthread_create'
collect2: error: ld returned 1 exit status
CMakeFiles/cmTC_f26be.dir/build.make:86: recipe for target 'cmTC_f26be' failed
make[1]: *** [cmTC_f26be] Error 1
make[1]: Leaving directory '/home/kanin/catkin_ws_roboware/build_isolated/gripper_action_controller/CMakeFiles/CMakeTmp'
Makefile:121: recipe for target 'cmTC_f26be/fast' failed
make: *** [cmTC_f26be/fast] Error 2

File /home/kanin/catkin_ws_roboware/build_isolated/gripper_action_controller/CMakeFiles/CMakeTmp/CheckSymbolExists.c:
/* */
#include <pthread.h>

int main(int argc, char** argv)
{
  (void)argv;
#ifndef pthread_create
  return ((int*)(&pthread_create))[argc];
#else
  (void)argc;
  return 0;
#endif
}

Determining if the function pthread_create exists in the pthreads failed with the following output:
Change Dir: /home/kanin/catkin_ws_roboware/build_isolated/gripper_action_controller/CMakeFiles/CMakeTmp

Run Build Command:"/usr/bin/make" "cmTC_e9605/fast"
/usr/bin/make -f CMakeFiles/cmTC_e9605.dir/build.make CMakeFiles/cmTC_e9605.dir/build
make[1]: Entering directory '/home/kanin/catkin_ws_roboware/build_isolated/gripper_action_controller/CMakeFiles/CMakeTmp'
Building C object CMakeFiles/cmTC_e9605.dir/CheckFunctionExists.c.o
/usr/bin/cc   -DCHECK_FUNCTION_EXISTS=pthread_create   -o CMakeFiles/cmTC_e9605.dir/CheckFunctionExists.c.o   -c /usr/local/share/cmake-3.12/Modules/CheckFunctionExists.c
Linking C executable cmTC_e9605
/usr/local/bin/cmake -E cmake_link_script CMakeFiles/cmTC_e9605.dir/link.txt --verbose=1
/usr/bin/cc  -DCHECK_FUNCTION_EXISTS=pthread_create    -rdynamic CMakeFiles/cmTC_e9605.dir/CheckFunctionExists.c.o  -o cmTC_e9605 -lpthreads 
/usr/bin/ld: cannot find -lpthreads
collect2: error: ld returned 1 exit status
CMakeFiles/cmTC_e9605.dir/build.make:86: recipe for target 'cmTC_e9605' failed
make[1]: *** [cmTC_e9605] Error 1
make[1]: Leaving directory '/home/kanin/catkin_ws_roboware/build_isolated/gripper_action_controller/CMakeFiles/CMakeTmp'
Makefile:121: recipe for target 'cmTC_e9605/fast' failed
make: *** [cmTC_e9605/fast] Error 2


